<?xml version="1.0" encoding="UTF-8"?>
<testsuite xmlns:xsi="http://www.w3.org/2001/XMLSchema-instance" xsi:noNamespaceSchemaLocation="https://maven.apache.org/surefire/maven-surefire-plugin/xsd/surefire-test-report.xsd" name="Reserves.ReserveServiceTest" time="0.369" tests="13" errors="0" skipped="0" failures="0">
  <properties>
[...]
</properties>
  <testcase name="getReservesByDateAndBarberId" classname="Reserves.ReserveServiceTest" time="0.173"/>
  <testcase name="findReserveByBarberID" classname="Reserves.ReserveServiceTest" time="0"/>
  <testcase name="cancel" classname="Reserves.ReserveServiceTest" time="0"/>
  <testcase name="create" classname="Reserves.ReserveServiceTest" time="0"/>
  <testcase name="delete" classname="Reserves.ReserveServiceTest" time="0"/>
  <testcase name="isDone" classname="Reserves.ReserveServiceTest" time="0"/>
  <testcase name="testMail" classname="Reserves.ReserveServiceTest" time="0"/>
  <testcase name="getBarberAvailableTimeByDate" classname="Reserves.ReserveServiceTest" time="0.158"/>
  <testcase name="update" classname="Reserves.ReserveServiceTest" time="0.001"/>
  <testcase name="findByID" classname="Reserves.ReserveServiceTest" time="0"/>
  <testcase name="findReserveByClientID" classname="Reserves.ReserveServiceTest" time="0"/>
  <testcase name="getActiveReserves" classname="Reserves.ReserveServiceTest" time="0"/>
  <testcase name="getReserves" classname="Reserves.ReserveServiceTest" time="0"/>
</testsuite>